{"meta": {"format": 3, "version": "7.13.1", "timestamp": "2026-01-12T05:50:57.078255", "branch_coverage": false, "show_contexts": false}, "files": {"permissions/__init__.py": {"executed_lines": [36, 49, 58, 71, 80, 93, 103, 108, 110], "summary": {"covered_lines": 9, "num_statements": 9, "percent_covered": 100.0, "percent_covered_display": "100", "missing_lines": 0, "excluded_lines": 1, "percent_statements_covered": 100.0, "percent_statements_covered_display": "100"}, "missing_lines": [], "excluded_lines": [1], "functions": {"": {"executed_lines": [36, 49, 58, 71, 80, 93, 103, 108, 110], "summary": {"covered_lines": 9, "num_statements": 9, "percent_covered": 100.0, "percent_covered_display": "100", "missing_lines": 0, "excluded_lines": 1, "percent_statements_covered": 100.0, "percent_statements_covered_display": "100"}, "missing_lines": [], "excluded_lines": [1], "start_line": 1}}, "classes": {"": {"executed_lines": [36, 49, 58, 71, 80, 93, 103, 108, 110], "summary": {"covered_lines": 9, "num_statements": 9, "percent_covered": 100.0, "percent_covered_display": "100", "missing_lines": 0, "excluded_lines": 1, "percent_statements_covered": 100.0, "percent_statements_covered_display": "100"}, "missing_lines": [], "excluded_lines": [1], "start_line": 1}}}, "permissions/advanced_checker.py": {"executed_lines": [10, 11, 13, 14, 17, 20, 35, 36, 37, 38, 40, 55, 56, 59, 60, 62, 64, 75, 77, 78, 79, 80, 81, 83, 94, 95, 96, 98, 99, 100, 101, 103, 111, 112, 114, 116, 117, 118, 119, 120, 122, 124, 125, 126, 127, 132, 134, 142, 143, 144, 146, 162, 163, 166, 167, 168, 171, 174, 190, 191, 193, 195, 196, 199, 200, 201, 202, 203, 205], "summary": {"covered_lines": 69, "num_statements": 71, "percent_covered": 97.1830985915493, "percent_covered_display": "97", "missing_lines": 2, "excluded_lines": 0, "percent_statements_covered": 97.1830985915493, "percent_statements_covered_display": "97"}, "missing_lines": [128, 130], "excluded_lines": [], "functions": {"PermissionChecker.__init__": {"executed_lines": [35, 36, 37, 38], "summary": {"covered_lines": 4, "num_statements": 4, "percent_covered": 100.0, "percent_covered_display": "100", "missing_lines": 0, "excluded_lines": 0, "percent_statements_covered": 100.0, "percent_statements_covered_display": "100"}, "missing_lines": [], "excluded_lines": [], "start_line": 20}, "PermissionChecker.has_permission": {"executed_lines": [55, 56, 59, 60, 62], "summary": {"covered_lines": 5, "num_statements": 5, "percent_covered": 100.0, "percent_covered_display": "100", "missing_lines": 0, "excluded_lines": 0, "percent_statements_covered": 100.0, "percent_statements_covered_display": "100"}, "missing_lines": [], "excluded_lines": [], "start_line": 40}, "PermissionChecker._has_global_permission": {"executed_lines": [75, 77, 78, 79, 80, 81], "summary": {"covered_lines": 6, "num_statements": 6, "percent_covered": 100.0, "percent_covered_display": "100", "missing_lines": 0, "excluded_lines": 0, "percent_statements_covered": 100.0, "percent_statements_covered_display": "100"}, "missing_lines": [], "excluded_lines": [], "start_line": 64}, "PermissionChecker._has_tenant_permission": {"executed_lines": [94, 95, 96, 98, 99, 100, 101], "summary": {"covered_lines": 7, "num_statements": 7, "percent_covered": 100.0, "percent_covered_display": "100", "missing_lines": 0, "excluded_lines": 0, "percent_statements_covered": 100.0, "percent_statements_covered_display": "100"}, "missing_lines": [], "excluded_lines": [], "start_line": 83}, "PermissionChecker._get_tenant_user_cached": {"executed_lines": [111, 112, 114, 116, 117, 118, 119, 120, 122, 124, 125, 126, 127, 132], "summary": {"covered_lines": 14, "num_statements": 16, "percent_covered": 87.5, "percent_covered_display": "88", "missing_lines": 2, "excluded_lines": 0, "percent_statements_covered": 87.5, "percent_statements_covered_display": "88"}, "missing_lines": [128, 130], "excluded_lines": [], "start_line": 103}, "PermissionChecker._get_tenant_user_from_db": {"executed_lines": [142, 143, 144], "summary": {"covered_lines": 3, "num_statements": 3, "percent_covered": 100.0, "percent_covered_display": "100", "missing_lines": 0, "excluded_lines": 0, "percent_statements_covered": 100.0, "percent_statements_covered_display": "100"}, "missing_lines": [], "excluded_lines": [], "start_line": 134}, "PermissionChecker._match_permission": {"executed_lines": [162, 163, 166, 167, 168, 171], "summary": {"covered_lines": 6, "num_statements": 6, "percent_covered": 100.0, "percent_covered_display": "100", "missing_lines": 0, "excluded_lines": 0, "percent_statements_covered": 100.0, "percent_statements_covered_display": "100"}, "missing_lines": [], "excluded_lines": [], "start_line": 146}, "invalidate_permission_cache": {"executed_lines": [190, 191, 193, 195, 196, 199, 200, 201, 202, 203, 205], "summary": {"covered_lines": 11, "num_statements": 11, "percent_covered": 100.0, "percent_covered_display": "100", "missing_lines": 0, "excluded_lines": 0, "percent_statements_covered": 100.0, "percent_statements_covered_display": "100"}, "missing_lines": [], "excluded_lines": [], "start_line": 174}, "": {"executed_lines": [10, 11, 13, 14, 17, 20, 40, 64, 83, 103, 134, 146, 174], "summary": {"covered_lines": 13, "num_statements": 13, "percent_covered": 100.0, "percent_covered_display": "100", "missing_lines": 0, "excluded_lines": 0, "percent_statements_covered": 100.0, "percent_statements_covered_display": "100"}, "missing_lines": [], "excluded_lines": [], "start_line": 1}}, "classes": {"PermissionChecker": {"executed_lines": [35, 36, 37, 38, 55, 56, 59, 60, 62, 75, 77, 78, 79, 80, 81, 94, 95, 96, 98, 99, 100, 101, 111, 112, 114, 116, 117, 118, 119, 120, 122, 124, 125, 126, 127, 132, 142, 143, 144, 162, 163, 166, 167, 168, 171], "summary": {"covered_lines": 45, "num_statements": 47, "percent_covered": 95.74468085106383, "percent_covered_display": "96", "missing_lines": 2, "excluded_lines": 0, "percent_statements_covered": 95.74468085106383, "percent_statements_covered_display": "96"}, "missing_lines": [128, 130], "excluded_lines": [], "start_line": 17}, "": {"executed_lines": [10, 11, 13, 14, 17, 20, 40, 64, 83, 103, 134, 146, 174, 190, 191, 193, 195, 196, 199, 200, 201, 202, 203, 205], "summary": {"covered_lines": 24, "num_statements": 24, "percent_covered": 100.0, "percent_covered_display": "100", "missing_lines": 0, "excluded_lines": 0, "percent_statements_covered": 100.0, "percent_statements_covered_display": "100"}, "missing_lines": [], "excluded_lines": [], "start_line": 1}}}, "permissions/cache.py": {"executed_lines": [7, 8, 9, 10, 12, 15, 18, 22, 26, 30, 35, 38, 39, 41, 52, 57, 62, 66, 77, 84, 94, 98, 108, 119, 126, 136, 145, 148, 155, 156, 158, 174, 191, 207, 224, 244, 265, 282, 294, 303, 304, 307, 312, 317], "summary": {"covered_lines": 44, "num_statements": 112, "percent_covered": 39.285714285714285, "percent_covered_display": "39", "missing_lines": 68, "excluded_lines": 0, "percent_statements_covered": 39.285714285714285, "percent_statements_covered_display": "39"}, "missing_lines": [20, 24, 28, 32, 43, 44, 45, 46, 49, 50, 54, 55, 59, 60, 64, 68, 69, 73, 74, 91, 92, 96, 100, 101, 102, 103, 104, 105, 106, 110, 111, 116, 117, 121, 122, 123, 124, 128, 129, 130, 131, 132, 133, 138, 140, 141, 142, 171, 172, 188, 189, 204, 205, 221, 222, 241, 242, 262, 263, 275, 276, 291, 292, 299, 309, 314, 325, 326], "excluded_lines": [], "functions": {"PermissionCache.get": {"executed_lines": [], "summary": {"covered_lines": 0, "num_statements": 1, "percent_covered": 0.0, "percent_covered_display": "0", "missing_lines": 1, "excluded_lines": 0, "percent_statements_covered": 0.0, "percent_statements_covered_display": "0"}, "missing_lines": [20], "excluded_lines": [], "start_line": 18}, "PermissionCache.set": {"executed_lines": [], "summary": {"covered_lines": 0, "num_statements": 1, "percent_covered": 0.0, "percent_covered_display": "0", "missing_lines": 1, "excluded_lines": 0, "percent_statements_covered": 0.0, "percent_statements_covered_display": "0"}, "missing_lines": [24], "excluded_lines": [], "start_line": 22}, "PermissionCache.delete": {"executed_lines": [], "summary": {"covered_lines": 0, "num_statements": 1, "percent_covered": 0.0, "percent_covered_display": "0", "missing_lines": 1, "excluded_lines": 0, "percent_statements_covered": 0.0, "percent_statements_covered_display": "0"}, "missing_lines": [28], "excluded_lines": [], "start_line": 26}, "PermissionCache.clear": {"executed_lines": [], "summary": {"covered_lines": 0, "num_statements": 1, "percent_covered": 0.0, "percent_covered_display": "0", "missing_lines": 1, "excluded_lines": 0, "percent_statements_covered": 0.0, "percent_statements_covered_display": "0"}, "missing_lines": [32], "excluded_lines": [], "start_line": 30}, "InMemoryCache.__init__": {"executed_lines": [39], "summary": {"covered_lines": 1, "num_statements": 1, "percent_covered": 100.0, "percent_covered_display": "100", "missing_lines": 0, "excluded_lines": 0, "percent_statements_covered": 100.0, "percent_statements_covered_display": "100"}, "missing_lines": [], "excluded_lines": [], "start_line": 38}, "InMemoryCache.get": {"executed_lines": [], "summary": {"covered_lines": 0, "num_statements": 6, "percent_covered": 0.0, "percent_covered_display": "0", "missing_lines": 6, "excluded_lines": 0, "percent_statements_covered": 0.0, "percent_statements_covered_display": "0"}, "missing_lines": [43, 44, 45, 46, 49, 50], "excluded_lines": [], "start_line": 41}, "InMemoryCache.set": {"executed_lines": [], "summary": {"covered_lines": 0, "num_statements": 2, "percent_covered": 0.0, "percent_covered_display": "0", "missing_lines": 2, "excluded_lines": 0, "percent_statements_covered": 0.0, "percent_statements_covered_display": "0"}, "missing_lines": [54, 55], "excluded_lines": [], "start_line": 52}, "InMemoryCache.delete": {"executed_lines": [], "summary": {"covered_lines": 0, "num_statements": 2, "percent_covered": 0.0, "percent_covered_display": "0", "missing_lines": 2, "excluded_lines": 0, "percent_statements_covered": 0.0, "percent_statements_covered_display": "0"}, "missing_lines": [59, 60], "excluded_lines": [], "start_line": 57}, "InMemoryCache.clear": {"executed_lines": [], "summary": {"covered_lines": 0, "num_statements": 1, "percent_covered": 0.0, "percent_covered_display": "0", "missing_lines": 1, "excluded_lines": 0, "percent_statements_covered": 0.0, "percent_statements_covered_display": "0"}, "missing_lines": [64], "excluded_lines": [], "start_line": 62}, "InMemoryCache.cleanup_expired": {"executed_lines": [], "summary": {"covered_lines": 0, "num_statements": 4, "percent_covered": 0.0, "percent_covered_display": "0", "missing_lines": 4, "excluded_lines": 0, "percent_statements_covered": 0.0, "percent_statements_covered_display": "0"}, "missing_lines": [68, 69, 73, 74], "excluded_lines": [], "start_line": 66}, "RedisCache.__init__": {"executed_lines": [], "summary": {"covered_lines": 0, "num_statements": 2, "percent_covered": 0.0, "percent_covered_display": "0", "missing_lines": 2, "excluded_lines": 0, "percent_statements_covered": 0.0, "percent_statements_covered_display": "0"}, "missing_lines": [91, 92], "excluded_lines": [], "start_line": 84}, "RedisCache._make_key": {"executed_lines": [], "summary": {"covered_lines": 0, "num_statements": 1, "percent_covered": 0.0, "percent_covered_display": "0", "missing_lines": 1, "excluded_lines": 0, "percent_statements_covered": 0.0, "percent_statements_covered_display": "0"}, "missing_lines": [96], "excluded_lines": [], "start_line": 94}, "RedisCache.get": {"executed_lines": [], "summary": {"covered_lines": 0, "num_statements": 7, "percent_covered": 0.0, "percent_covered_display": "0", "missing_lines": 7, "excluded_lines": 0, "percent_statements_covered": 0.0, "percent_statements_covered_display": "0"}, "missing_lines": [100, 101, 102, 103, 104, 105, 106], "excluded_lines": [], "start_line": 98}, "RedisCache.set": {"executed_lines": [], "summary": {"covered_lines": 0, "num_statements": 4, "percent_covered": 0.0, "percent_covered_display": "0", "missing_lines": 4, "excluded_lines": 0, "percent_statements_covered": 0.0, "percent_statements_covered_display": "0"}, "missing_lines": [110, 111, 116, 117], "excluded_lines": [], "start_line": 108}, "RedisCache.delete": {"executed_lines": [], "summary": {"covered_lines": 0, "num_statements": 4, "percent_covered": 0.0, "percent_covered_display": "0", "missing_lines": 4, "excluded_lines": 0, "percent_statements_covered": 0.0, "percent_statements_covered_display": "0"}, "missing_lines": [121, 122, 123, 124], "excluded_lines": [], "start_line": 119}, "RedisCache.clear": {"executed_lines": [], "summary": {"covered_lines": 0, "num_statements": 6, "percent_covered": 0.0, "percent_covered_display": "0", "missing_lines": 6, "excluded_lines": 0, "percent_statements_covered": 0.0, "percent_statements_covered_display": "0"}, "missing_lines": [128, 129, 130, 131, 132, 133], "excluded_lines": [], "start_line": 126}, "_make_cache_key": {"executed_lines": [], "summary": {"covered_lines": 0, "num_statements": 4, "percent_covered": 0.0, "percent_covered_display": "0", "missing_lines": 4, "excluded_lines": 0, "percent_statements_covered": 0.0, "percent_statements_covered_display": "0"}, "missing_lines": [138, 140, 141, 142], "excluded_lines": [], "start_line": 136}, "CachedPermissionChecker.__init__": {"executed_lines": [155, 156], "summary": {"covered_lines": 2, "num_statements": 2, "percent_covered": 100.0, "percent_covered_display": "100", "missing_lines": 0, "excluded_lines": 0, "percent_statements_covered": 100.0, "percent_statements_covered_display": "100"}, "missing_lines": [], "excluded_lines": [], "start_line": 148}, "CachedPermissionChecker.cache_user_permissions": {"executed_lines": [], "summary": {"covered_lines": 0, "num_statements": 2, "percent_covered": 0.0, "percent_covered_display": "0", "missing_lines": 2, "excluded_lines": 0, "percent_statements_covered": 0.0, "percent_statements_covered_display": "0"}, "missing_lines": [171, 172], "excluded_lines": [], "start_line": 158}, "CachedPermissionChecker.get_cached_user_permissions": {"executed_lines": [], "summary": {"covered_lines": 0, "num_statements": 2, "percent_covered": 0.0, "percent_covered_display": "0", "missing_lines": 2, "excluded_lines": 0, "percent_statements_covered": 0.0, "percent_statements_covered_display": "0"}, "missing_lines": [188, 189], "excluded_lines": [], "start_line": 174}, "CachedPermissionChecker.cache_role_permissions": {"executed_lines": [], "summary": {"covered_lines": 0, "num_statements": 2, "percent_covered": 0.0, "percent_covered_display": "0", "missing_lines": 2, "excluded_lines": 0, "percent_statements_covered": 0.0, "percent_statements_covered_display": "0"}, "missing_lines": [204, 205], "excluded_lines": [], "start_line": 191}, "CachedPermissionChecker.get_cached_role_permissions": {"executed_lines": [], "summary": {"covered_lines": 0, "num_statements": 2, "percent_covered": 0.0, "percent_covered_display": "0", "missing_lines": 2, "excluded_lines": 0, "percent_statements_covered": 0.0, "percent_statements_covered_display": "0"}, "missing_lines": [221, 222], "excluded_lines": [], "start_line": 207}, "CachedPermissionChecker.cache_permission_check": {"executed_lines": [], "summary": {"covered_lines": 0, "num_statements": 2, "percent_covered": 0.0, "percent_covered_display": "0", "missing_lines": 2, "excluded_lines": 0, "percent_statements_covered": 0.0, "percent_statements_covered_display": "0"}, "missing_lines": [241, 242], "excluded_lines": [], "start_line": 224}, "CachedPermissionChecker.get_cached_permission_check": {"executed_lines": [], "summary": {"covered_lines": 0, "num_statements": 2, "percent_covered": 0.0, "percent_covered_display": "0", "missing_lines": 2, "excluded_lines": 0, "percent_statements_covered": 0.0, "percent_statements_covered_display": "0"}, "missing_lines": [262, 263], "excluded_lines": [], "start_line": 244}, "CachedPermissionChecker.invalidate_user_cache": {"executed_lines": [], "summary": {"covered_lines": 0, "num_statements": 2, "percent_covered": 0.0, "percent_covered_display": "0", "missing_lines": 2, "excluded_lines": 0, "percent_statements_covered": 0.0, "percent_statements_covered_display": "0"}, "missing_lines": [275, 276], "excluded_lines": [], "start_line": 265}, "CachedPermissionChecker.invalidate_role_cache": {"executed_lines": [], "summary": {"covered_lines": 0, "num_statements": 2, "percent_covered": 0.0, "percent_covered_display": "0", "missing_lines": 2, "excluded_lines": 0, "percent_statements_covered": 0.0, "percent_statements_covered_display": "0"}, "missing_lines": [291, 292], "excluded_lines": [], "start_line": 282}, "CachedPermissionChecker.invalidate_all": {"executed_lines": [], "summary": {"covered_lines": 0, "num_statements": 1, "percent_covered": 0.0, "percent_covered_display": "0", "missing_lines": 1, "excluded_lines": 0, "percent_statements_covered": 0.0, "percent_statements_covered_display": "0"}, "missing_lines": [299], "excluded_lines": [], "start_line": 294}, "get_default_cache": {"executed_lines": [], "summary": {"covered_lines": 0, "num_statements": 1, "percent_covered": 0.0, "percent_covered_display": "0", "missing_lines": 1, "excluded_lines": 0, "percent_statements_covered": 0.0, "percent_statements_covered_display": "0"}, "missing_lines": [309], "excluded_lines": [], "start_line": 307}, "get_default_cached_checker": {"executed_lines": [], "summary": {"covered_lines": 0, "num_statements": 1, "percent_covered": 0.0, "percent_covered_display": "0", "missing_lines": 1, "excluded_lines": 0, "percent_statements_covered": 0.0, "percent_statements_covered_display": "0"}, "missing_lines": [314], "excluded_lines": [], "start_line": 312}, "set_default_cache": {"executed_lines": [], "summary": {"covered_lines": 0, "num_statements": 2, "percent_covered": 0.0, "percent_covered_display": "0", "missing_lines": 2, "excluded_lines": 0, "percent_statements_covered": 0.0, "percent_statements_covered_display": "0"}, "missing_lines": [325, 326], "excluded_lines": [], "start_line": 317}, "": {"executed_lines": [7, 8, 9, 10, 12, 15, 18, 22, 26, 30, 35, 38, 41, 52, 57, 62, 66, 77, 84, 94, 98, 108, 119, 126, 136, 145, 148, 158, 174, 191, 207, 224, 244, 265, 282, 294, 303, 304, 307, 312, 317], "summary": {"covered_lines": 41, "num_statements": 41, "percent_covered": 100.0, "percent_covered_display": "100", "missing_lines": 0, "excluded_lines": 0, "percent_statements_covered": 100.0, "percent_statements_covered_display": "100"}, "missing_lines": [], "excluded_lines": [], "start_line": 1}}, "classes": {"PermissionCache": {"executed_lines": [], "summary": {"covered_lines": 0, "num_statements": 4, "percent_covered": 0.0, "percent_covered_display": "0", "missing_lines": 4, "excluded_lines": 0, "percent_statements_covered": 0.0, "percent_statements_covered_display": "0"}, "missing_lines": [20, 24, 28, 32], "excluded_lines": [], "start_line": 15}, "InMemoryCache": {"executed_lines": [39], "summary": {"covered_lines": 1, "num_statements": 16, "percent_covered": 6.25, "percent_covered_display": "6", "missing_lines": 15, "excluded_lines": 0, "percent_statements_covered": 6.25, "percent_statements_covered_display": "6"}, "missing_lines": [43, 44, 45, 46, 49, 50, 54, 55, 59, 60, 64, 68, 69, 73, 74], "excluded_lines": [], "start_line": 35}, "RedisCache": {"executed_lines": [], "summary": {"covered_lines": 0, "num_statements": 24, "percent_covered": 0.0, "percent_covered_display": "0", "missing_lines": 24, "excluded_lines": 0, "percent_statements_covered": 0.0, "percent_statements_covered_display": "0"}, "missing_lines": [91, 92, 96, 100, 101, 102, 103, 104, 105, 106, 110, 111, 116, 117, 121, 122, 123, 124, 128, 129, 130, 131, 132, 133], "excluded_lines": [], "start_line": 77}, "CachedPermissionChecker": {"executed_lines": [155, 156], "summary": {"covered_lines": 2, "num_statements": 19, "percent_covered": 10.526315789473685, "percent_covered_display": "11", "missing_lines": 17, "excluded_lines": 0, "percent_statements_covered": 10.526315789473685, "percent_statements_covered_display": "11"}, "missing_lines": [171, 172, 188, 189, 204, 205, 221, 222, 241, 242, 262, 263, 275, 276, 291, 292, 299], "excluded_lines": [], "start_line": 145}, "": {"executed_lines": [7, 8, 9, 10, 12, 15, 18, 22, 26, 30, 35, 38, 41, 52, 57, 62, 66, 77, 84, 94, 98, 108, 119, 126, 136, 145, 148, 158, 174, 191, 207, 224, 244, 265, 282, 294, 303, 304, 307, 312, 317], "summary": {"covered_lines": 41, "num_statements": 49, "percent_covered": 83.6734693877551, "percent_covered_display": "84", "missing_lines": 8, "excluded_lines": 0, "percent_statements_covered": 83.6734693877551, "percent_statements_covered_display": "84"}, "missing_lines": [138, 140, 141, 142, 309, 314, 325, 326], "excluded_lines": [], "start_line": 1}}}, "permissions/checker.py": {"executed_lines": [7, 8, 14, 15, 18, 35, 38, 39, 40, 44, 45, 51, 53, 54, 55, 58, 61, 62, 68, 69, 70, 75, 81, 98, 99, 104, 105, 106, 107, 109, 115, 132, 133, 138, 140, 141, 142, 143, 145, 146, 151, 157, 170, 172, 173, 174, 177, 180, 201, 202, 205, 226], "summary": {"covered_lines": 52, "num_statements": 52, "percent_covered": 100.0, "percent_covered_display": "100", "missing_lines": 0, "excluded_lines": 0, "percent_statements_covered": 100.0, "percent_statements_covered_display": "100"}, "missing_lines": [], "excluded_lines": [], "functions": {"has_permission": {"executed_lines": [35, 38, 39, 40, 44, 45, 51, 53, 54, 55, 58, 61, 62, 68, 69, 70, 75], "summary": {"covered_lines": 17, "num_statements": 17, "percent_covered": 100.0, "percent_covered_display": "100", "missing_lines": 0, "excluded_lines": 0, "percent_statements_covered": 100.0, "percent_statements_covered_display": "100"}, "missing_lines": [], "excluded_lines": [], "start_line": 18}, "has_any_permission": {"executed_lines": [98, 99, 104, 105, 106, 107, 109], "summary": {"covered_lines": 7, "num_statements": 7, "percent_covered": 100.0, "percent_covered_display": "100", "missing_lines": 0, "excluded_lines": 0, "percent_statements_covered": 100.0, "percent_statements_covered_display": "100"}, "missing_lines": [], "excluded_lines": [], "start_line": 81}, "has_all_permissions": {"executed_lines": [132, 133, 138, 140, 141, 142, 143, 145, 146, 151], "summary": {"covered_lines": 10, "num_statements": 10, "percent_covered": 100.0, "percent_covered_display": "100", "missing_lines": 0, "excluded_lines": 0, "percent_statements_covered": 100.0, "percent_statements_covered_display": "100"}, "missing_lines": [], "excluded_lines": [], "start_line": 115}, "get_user_permissions": {"executed_lines": [170, 172, 173, 174, 177], "summary": {"covered_lines": 5, "num_statements": 5, "percent_covered": 100.0, "percent_covered_display": "100", "missing_lines": 0, "excluded_lines": 0, "percent_statements_covered": 100.0, "percent_statements_covered_display": "100"}, "missing_lines": [], "excluded_lines": [], "start_line": 157}, "can_perform_action": {"executed_lines": [201, 202], "summary": {"covered_lines": 2, "num_statements": 2, "percent_covered": 100.0, "percent_covered_display": "100", "missing_lines": 0, "excluded_lines": 0, "percent_statements_covered": 100.0, "percent_statements_covered_display": "100"}, "missing_lines": [], "excluded_lines": [], "start_line": 180}, "create_permission_context": {"executed_lines": [226], "summary": {"covered_lines": 1, "num_statements": 1, "percent_covered": 100.0, "percent_covered_display": "100", "missing_lines": 0, "excluded_lines": 0, "percent_statements_covered": 100.0, "percent_statements_covered_display": "100"}, "missing_lines": [], "excluded_lines": [], "start_line": 205}, "": {"executed_lines": [7, 8, 14, 15, 18, 81, 115, 157, 180, 205], "summary": {"covered_lines": 10, "num_statements": 10, "percent_covered": 100.0, "percent_covered_display": "100", "missing_lines": 0, "excluded_lines": 0, "percent_statements_covered": 100.0, "percent_statements_covered_display": "100"}, "missing_lines": [], "excluded_lines": [], "start_line": 1}}, "classes": {"": {"executed_lines": [7, 8, 14, 15, 18, 35, 38, 39, 40, 44, 45, 51, 53, 54, 55, 58, 61, 62, 68, 69, 70, 75, 81, 98, 99, 104, 105, 106, 107, 109, 115, 132, 133, 138, 140, 141, 142, 143, 145, 146, 151, 157, 170, 172, 173, 174, 177, 180, 201, 202, 205, 226], "summary": {"covered_lines": 52, "num_statements": 52, "percent_covered": 100.0, "percent_covered_display": "100", "missing_lines": 0, "excluded_lines": 0, "percent_statements_covered": 100.0, "percent_statements_covered_display": "100"}, "missing_lines": [], "excluded_lines": [], "start_line": 1}}}, "permissions/middleware.py": {"executed_lines": [7, 8, 9, 11, 12, 19, 22, 35, 68, 91, 148, 196, 245, 277, 310, 357], "summary": {"covered_lines": 16, "num_statements": 86, "percent_covered": 18.6046511627907, "percent_covered_display": "19", "missing_lines": 70, "excluded_lines": 7, "percent_statements_covered": 18.6046511627907, "percent_statements_covered_display": "19"}, "missing_lines": [29, 30, 31, 32, 52, 53, 58, 59, 77, 78, 80, 81, 82, 85, 86, 88, 122, 128, 129, 130, 133, 135, 136, 145, 172, 177, 178, 179, 181, 183, 184, 193, 221, 226, 227, 228, 230, 232, 233, 242, 261, 264, 265, 274, 293, 296, 297, 298, 307, 341, 342, 343, 346, 349, 350, 352, 354, 373, 374, 376, 377, 378, 380, 381, 382, 383, 385, 388, 390, 392], "excluded_lines": [97, 154, 202, 246, 278, 316, 358], "functions": {"PermissionMiddlewareOptions.__init__": {"executed_lines": [], "summary": {"covered_lines": 0, "num_statements": 4, "percent_covered": 0.0, "percent_covered_display": "0", "missing_lines": 4, "excluded_lines": 0, "percent_statements_covered": 0.0, "percent_statements_covered_display": "0"}, "missing_lines": [29, 30, 31, 32], "excluded_lines": [], "start_line": 22}, "get_current_user": {"executed_lines": [], "summary": {"covered_lines": 0, "num_statements": 4, "percent_covered": 0.0, "percent_covered_display": "0", "missing_lines": 4, "excluded_lines": 0, "percent_statements_covered": 0.0, "percent_statements_covered_display": "0"}, "missing_lines": [52, 53, 58, 59], "excluded_lines": [], "start_line": 35}, "get_all_roles": {"executed_lines": [], "summary": {"covered_lines": 0, "num_statements": 8, "percent_covered": 0.0, "percent_covered_display": "0", "missing_lines": 8, "excluded_lines": 0, "percent_statements_covered": 0.0, "percent_statements_covered_display": "0"}, "missing_lines": [77, 78, 80, 81, 82, 85, 86, 88], "excluded_lines": [], "start_line": 68}, "require_permission": {"executed_lines": [], "summary": {"covered_lines": 0, "num_statements": 2, "percent_covered": 0.0, "percent_covered_display": "0", "missing_lines": 2, "excluded_lines": 1, "percent_statements_covered": 0.0, "percent_statements_covered_display": "0"}, "missing_lines": [122, 145], "excluded_lines": [97], "start_line": 91}, "require_permission.permission_checker": {"executed_lines": [], "summary": {"covered_lines": 0, "num_statements": 6, "percent_covered": 0.0, "percent_covered_display": "0", "missing_lines": 6, "excluded_lines": 0, "percent_statements_covered": 0.0, "percent_statements_covered_display": "0"}, "missing_lines": [128, 129, 130, 133, 135, 136], "excluded_lines": [], "start_line": 122}, "require_any_permission": {"executed_lines": [], "summary": {"covered_lines": 0, "num_statements": 2, "percent_covered": 0.0, "percent_covered_display": "0", "missing_lines": 2, "excluded_lines": 1, "percent_statements_covered": 0.0, "percent_statements_covered_display": "0"}, "missing_lines": [172, 193], "excluded_lines": [154], "start_line": 148}, "require_any_permission.permission_checker": {"executed_lines": [], "summary": {"covered_lines": 0, "num_statements": 6, "percent_covered": 0.0, "percent_covered_display": "0", "missing_lines": 6, "excluded_lines": 0, "percent_statements_covered": 0.0, "percent_statements_covered_display": "0"}, "missing_lines": [177, 178, 179, 181, 183, 184], "excluded_lines": [], "start_line": 172}, "require_all_permissions": {"executed_lines": [], "summary": {"covered_lines": 0, "num_statements": 2, "percent_covered": 0.0, "percent_covered_display": "0", "missing_lines": 2, "excluded_lines": 1, "percent_statements_covered": 0.0, "percent_statements_covered_display": "0"}, "missing_lines": [221, 242], "excluded_lines": [202], "start_line": 196}, "require_all_permissions.permission_checker": {"executed_lines": [], "summary": {"covered_lines": 0, "num_statements": 6, "percent_covered": 0.0, "percent_covered_display": "0", "missing_lines": 6, "excluded_lines": 0, "percent_statements_covered": 0.0, "percent_statements_covered_display": "0"}, "missing_lines": [226, 227, 228, 230, 232, 233], "excluded_lines": [], "start_line": 221}, "require_role": {"executed_lines": [], "summary": {"covered_lines": 0, "num_statements": 2, "percent_covered": 0.0, "percent_covered_display": "0", "missing_lines": 2, "excluded_lines": 1, "percent_statements_covered": 0.0, "percent_statements_covered_display": "0"}, "missing_lines": [261, 274], "excluded_lines": [246], "start_line": 245}, "require_role.role_checker": {"executed_lines": [], "summary": {"covered_lines": 0, "num_statements": 2, "percent_covered": 0.0, "percent_covered_display": "0", "missing_lines": 2, "excluded_lines": 0, "percent_statements_covered": 0.0, "percent_statements_covered_display": "0"}, "missing_lines": [264, 265], "excluded_lines": [], "start_line": 261}, "require_any_role": {"executed_lines": [], "summary": {"covered_lines": 0, "num_statements": 2, "percent_covered": 0.0, "percent_covered_display": "0", "missing_lines": 2, "excluded_lines": 1, "percent_statements_covered": 0.0, "percent_statements_covered_display": "0"}, "missing_lines": [293, 307], "excluded_lines": [278], "start_line": 277}, "require_any_role.role_checker": {"executed_lines": [], "summary": {"covered_lines": 0, "num_statements": 3, "percent_covered": 0.0, "percent_covered_display": "0", "missing_lines": 3, "excluded_lines": 0, "percent_statements_covered": 0.0, "percent_statements_covered_display": "0"}, "missing_lines": [296, 297, 298], "excluded_lines": [], "start_line": 293}, "check_permission": {"executed_lines": [], "summary": {"covered_lines": 0, "num_statements": 3, "percent_covered": 0.0, "percent_covered_display": "0", "missing_lines": 3, "excluded_lines": 1, "percent_statements_covered": 0.0, "percent_statements_covered_display": "0"}, "missing_lines": [341, 342, 354], "excluded_lines": [316], "start_line": 310}, "check_permission.decorator": {"executed_lines": [], "summary": {"covered_lines": 0, "num_statements": 4, "percent_covered": 0.0, "percent_covered_display": "0", "missing_lines": 4, "excluded_lines": 0, "percent_statements_covered": 0.0, "percent_statements_covered_display": "0"}, "missing_lines": [343, 349, 350, 352], "excluded_lines": [], "start_line": 341}, "check_permission.decorator.wrapper": {"executed_lines": [], "summary": {"covered_lines": 0, "num_statements": 1, "percent_covered": 0.0, "percent_covered_display": "0", "missing_lines": 1, "excluded_lines": 0, "percent_statements_covered": 0.0, "percent_statements_covered_display": "0"}, "missing_lines": [346], "excluded_lines": [], "start_line": 343}, "admin_override": {"executed_lines": [], "summary": {"covered_lines": 0, "num_statements": 5, "percent_covered": 0.0, "percent_covered_display": "0", "missing_lines": 5, "excluded_lines": 1, "percent_statements_covered": 0.0, "percent_statements_covered_display": "0"}, "missing_lines": [373, 374, 376, 377, 392], "excluded_lines": [358], "start_line": 357}, "admin_override.decorator": {"executed_lines": [], "summary": {"covered_lines": 0, "num_statements": 2, "percent_covered": 0.0, "percent_covered_display": "0", "missing_lines": 2, "excluded_lines": 0, "percent_statements_covered": 0.0, "percent_statements_covered_display": "0"}, "missing_lines": [378, 390], "excluded_lines": [], "start_line": 376}, "admin_override.decorator.wrapper": {"executed_lines": [], "summary": {"covered_lines": 0, "num_statements": 6, "percent_covered": 0.0, "percent_covered_display": "0", "missing_lines": 6, "excluded_lines": 0, "percent_statements_covered": 0.0, "percent_statements_covered_display": "0"}, "missing_lines": [380, 381, 382, 383, 385, 388], "excluded_lines": [], "start_line": 378}, "": {"executed_lines": [7, 8, 9, 11, 12, 19, 22, 35, 68, 91, 148, 196, 245, 277, 310, 357], "summary": {"covered_lines": 16, "num_statements": 16, "percent_covered": 100.0, "percent_covered_display": "100", "missing_lines": 0, "excluded_lines": 0, "percent_statements_covered": 100.0, "percent_statements_covered_display": "100"}, "missing_lines": [], "excluded_lines": [], "start_line": 1}}, "classes": {"PermissionMiddlewareOptions": {"executed_lines": [], "summary": {"covered_lines": 0, "num_statements": 4, "percent_covered": 0.0, "percent_covered_display": "0", "missing_lines": 4, "excluded_lines": 0, "percent_statements_covered": 0.0, "percent_statements_covered_display": "0"}, "missing_lines": [29, 30, 31, 32], "excluded_lines": [], "start_line": 19}, "": {"executed_lines": [7, 8, 9, 11, 12, 19, 22, 35, 68, 91, 148, 196, 245, 277, 310, 357], "summary": {"covered_lines": 16, "num_statements": 82, "percent_covered": 19.51219512195122, "percent_covered_display": "20", "missing_lines": 66, "excluded_lines": 7, "percent_statements_covered": 19.51219512195122, "percent_statements_covered_display": "20"}, "missing_lines": [52, 53, 58, 59, 77, 78, 80, 81, 82, 85, 86, 88, 122, 128, 129, 130, 133, 135, 136, 145, 172, 177, 178, 179, 181, 183, 184, 193, 221, 226, 227, 228, 230, 232, 233, 242, 261, 264, 265, 274, 293, 296, 297, 298, 307, 341, 342, 343, 346, 349, 350, 352, 354, 373, 374, 376, 377, 378, 380, 381, 382, 383, 385, 388, 390, 392], "excluded_lines": [97, 154, 202, 246, 278, 316, 358], "start_line": 1}}}, "permissions/parser.py": {"executed_lines": [11, 12, 13, 16, 19, 28, 29, 35, 36, 37, 43, 44, 50, 51, 52, 56, 63, 70, 73, 94, 95, 96, 98, 99, 101, 103, 112, 113, 114, 116, 124, 125, 127, 130, 140, 141, 143, 146, 149, 161, 162, 165, 166, 167, 168, 171, 172, 174, 177, 186, 189, 201, 202, 204, 205], "summary": {"covered_lines": 55, "num_statements": 57, "percent_covered": 96.49122807017544, "percent_covered_display": "96", "missing_lines": 2, "excluded_lines": 0, "percent_statements_covered": 96.49122807017544, "percent_statements_covered_display": "96"}, "missing_lines": [57, 64], "excluded_lines": [], "functions": {"validate_permission_format": {"executed_lines": [28, 29, 35, 36, 37, 43, 44, 50, 51, 52, 56, 63, 70], "summary": {"covered_lines": 13, "num_statements": 15, "percent_covered": 86.66666666666667, "percent_covered_display": "87", "missing_lines": 2, "excluded_lines": 0, "percent_statements_covered": 86.66666666666667, "percent_statements_covered_display": "87"}, "missing_lines": [57, 64], "excluded_lines": [], "start_line": 19}, "parse_permission": {"executed_lines": [94, 95, 96, 98, 99, 101, 103, 112, 113, 114, 116, 124, 125, 127], "summary": {"covered_lines": 14, "num_statements": 14, "percent_covered": 100.0, "percent_covered_display": "100", "missing_lines": 0, "excluded_lines": 0, "percent_statements_covered": 100.0, "percent_statements_covered_display": "100"}, "missing_lines": [], "excluded_lines": [], "start_line": 73}, "matches_wildcard": {"executed_lines": [140, 141, 143, 146], "summary": {"covered_lines": 4, "num_statements": 4, "percent_covered": 100.0, "percent_covered_display": "100", "missing_lines": 0, "excluded_lines": 0, "percent_statements_covered": 100.0, "percent_statements_covered_display": "100"}, "missing_lines": [], "excluded_lines": [], "start_line": 130}, "is_more_specific": {"executed_lines": [161, 162, 165, 166, 167, 168, 171, 172, 174], "summary": {"covered_lines": 9, "num_statements": 9, "percent_covered": 100.0, "percent_covered_display": "100", "missing_lines": 0, "excluded_lines": 0, "percent_statements_covered": 100.0, "percent_statements_covered_display": "100"}, "missing_lines": [], "excluded_lines": [], "start_line": 149}, "normalize_permission": {"executed_lines": [186], "summary": {"covered_lines": 1, "num_statements": 1, "percent_covered": 100.0, "percent_covered_display": "100", "missing_lines": 0, "excluded_lines": 0, "percent_statements_covered": 100.0, "percent_statements_covered_display": "100"}, "missing_lines": [], "excluded_lines": [], "start_line": 177}, "expand_wildcard": {"executed_lines": [201, 202, 204, 205], "summary": {"covered_lines": 4, "num_statements": 4, "percent_covered": 100.0, "percent_covered_display": "100", "missing_lines": 0, "excluded_lines": 0, "percent_statements_covered": 100.0, "percent_statements_covered_display": "100"}, "missing_lines": [], "excluded_lines": [], "start_line": 189}, "": {"executed_lines": [11, 12, 13, 16, 19, 73, 130, 149, 177, 189], "summary": {"covered_lines": 10, "num_statements": 10, "percent_covered": 100.0, "percent_covered_display": "100", "missing_lines": 0, "excluded_lines": 0, "percent_statements_covered": 100.0, "percent_statements_covered_display": "100"}, "missing_lines": [], "excluded_lines": [], "start_line": 1}}, "classes": {"": {"executed_lines": [11, 12, 13, 16, 19, 28, 29, 35, 36, 37, 43, 44, 50, 51, 52, 56, 63, 70, 73, 94, 95, 96, 98, 99, 101, 103, 112, 113, 114, 116, 124, 125, 127, 130, 140, 141, 143, 146, 149, 161, 162, 165, 166, 167, 168, 171, 172, 174, 177, 186, 189, 201, 202, 204, 205], "summary": {"covered_lines": 55, "num_statements": 57, "percent_covered": 96.49122807017544, "percent_covered_display": "96", "missing_lines": 2, "excluded_lines": 0, "percent_statements_covered": 96.49122807017544, "percent_statements_covered_display": "96"}, "missing_lines": [57, 64], "excluded_lines": [], "start_line": 1}}}, "permissions/rbac.py": {"executed_lines": [7, 8, 9, 12, 29, 30, 33, 35, 38, 41, 51, 54, 67, 69, 70, 74, 75, 76, 78, 81, 84, 90, 148, 190, 243, 246, 252, 279, 306], "summary": {"covered_lines": 29, "num_statements": 108, "percent_covered": 26.85185185185185, "percent_covered_display": "27", "missing_lines": 79, "excluded_lines": 0, "percent_statements_covered": 26.85185185185185, "percent_statements_covered_display": "27"}, "missing_lines": [34, 42, 43, 47, 48, 49, 85, 86, 87, 107, 108, 109, 110, 112, 113, 119, 120, 122, 123, 124, 129, 130, 135, 142, 143, 145, 163, 164, 167, 168, 169, 171, 173, 174, 175, 177, 180, 181, 182, 183, 184, 185, 187, 205, 206, 209, 210, 211, 213, 218, 219, 221, 222, 223, 227, 228, 230, 233, 234, 235, 236, 237, 238, 240, 247, 248, 249, 262, 267, 268, 272, 274, 276, 294, 299, 300, 302, 303, 321], "excluded_lines": [], "functions": {"aggregate_role_permissions": {"executed_lines": [29, 30, 33, 35, 38, 41, 51], "summary": {"covered_lines": 7, "num_statements": 13, "percent_covered": 53.84615384615385, "percent_covered_display": "54", "missing_lines": 6, "excluded_lines": 0, "percent_statements_covered": 53.84615384615385, "percent_statements_covered_display": "54"}, "missing_lines": [34, 42, 43, 47, 48, 49], "excluded_lines": [], "start_line": 12}, "aggregate_permissions_from_roles": {"executed_lines": [67, 69, 70, 74, 75, 76, 78], "summary": {"covered_lines": 7, "num_statements": 7, "percent_covered": 100.0, "percent_covered_display": "100", "missing_lines": 0, "excluded_lines": 0, "percent_statements_covered": 100.0, "percent_statements_covered_display": "100"}, "missing_lines": [], "excluded_lines": [], "start_line": 54}, "ValidationResult.__init__": {"executed_lines": [], "summary": {"covered_lines": 0, "num_statements": 3, "percent_covered": 0.0, "percent_covered_display": "0", "missing_lines": 3, "excluded_lines": 0, "percent_statements_covered": 0.0, "percent_statements_covered_display": "0"}, "missing_lines": [85, 86, 87], "excluded_lines": [], "start_line": 84}, "validate_role_inheritance": {"executed_lines": [], "summary": {"covered_lines": 0, "num_statements": 17, "percent_covered": 0.0, "percent_covered_display": "0", "missing_lines": 17, "excluded_lines": 0, "percent_statements_covered": 0.0, "percent_statements_covered_display": "0"}, "missing_lines": [107, 108, 109, 110, 112, 113, 119, 120, 122, 123, 124, 129, 130, 135, 142, 143, 145], "excluded_lines": [], "start_line": 90}, "get_child_roles": {"executed_lines": [], "summary": {"covered_lines": 0, "num_statements": 17, "percent_covered": 0.0, "percent_covered_display": "0", "missing_lines": 17, "excluded_lines": 0, "percent_statements_covered": 0.0, "percent_statements_covered_display": "0"}, "missing_lines": [163, 164, 167, 168, 169, 171, 173, 174, 175, 177, 180, 181, 182, 183, 184, 185, 187], "excluded_lines": [], "start_line": 148}, "get_parent_roles": {"executed_lines": [], "summary": {"covered_lines": 0, "num_statements": 21, "percent_covered": 0.0, "percent_covered_display": "0", "missing_lines": 21, "excluded_lines": 0, "percent_statements_covered": 0.0, "percent_statements_covered_display": "0"}, "missing_lines": [205, 206, 209, 210, 211, 213, 218, 219, 221, 222, 223, 227, 228, 230, 233, 234, 235, 236, 237, 238, 240], "excluded_lines": [], "start_line": 190}, "RoleNode.__init__": {"executed_lines": [], "summary": {"covered_lines": 0, "num_statements": 3, "percent_covered": 0.0, "percent_covered_display": "0", "missing_lines": 3, "excluded_lines": 0, "percent_statements_covered": 0.0, "percent_statements_covered_display": "0"}, "missing_lines": [247, 248, 249], "excluded_lines": [], "start_line": 246}, "build_role_hierarchy": {"executed_lines": [], "summary": {"covered_lines": 0, "num_statements": 3, "percent_covered": 0.0, "percent_covered_display": "0", "missing_lines": 3, "excluded_lines": 0, "percent_statements_covered": 0.0, "percent_statements_covered_display": "0"}, "missing_lines": [262, 267, 276], "excluded_lines": [], "start_line": 252}, "build_role_hierarchy.build_node": {"executed_lines": [], "summary": {"covered_lines": 0, "num_statements": 3, "percent_covered": 0.0, "percent_covered_display": "0", "missing_lines": 3, "excluded_lines": 0, "percent_statements_covered": 0.0, "percent_statements_covered_display": "0"}, "missing_lines": [268, 272, 274], "excluded_lines": [], "start_line": 267}, "role_has_permission": {"executed_lines": [], "summary": {"covered_lines": 0, "num_statements": 5, "percent_covered": 0.0, "percent_covered_display": "0", "missing_lines": 5, "excluded_lines": 0, "percent_statements_covered": 0.0, "percent_statements_covered_display": "0"}, "missing_lines": [294, 299, 300, 302, 303], "excluded_lines": [], "start_line": 279}, "get_effective_permissions": {"executed_lines": [], "summary": {"covered_lines": 0, "num_statements": 1, "percent_covered": 0.0, "percent_covered_display": "0", "missing_lines": 1, "excluded_lines": 0, "percent_statements_covered": 0.0, "percent_statements_covered_display": "0"}, "missing_lines": [321], "excluded_lines": [], "start_line": 306}, "": {"executed_lines": [7, 8, 9, 12, 54, 81, 84, 90, 148, 190, 243, 246, 252, 279, 306], "summary": {"covered_lines": 15, "num_statements": 15, "percent_covered": 100.0, "percent_covered_display": "100", "missing_lines": 0, "excluded_lines": 0, "percent_statements_covered": 100.0, "percent_statements_covered_display": "100"}, "missing_lines": [], "excluded_lines": [], "start_line": 1}}, "classes": {"ValidationResult": {"executed_lines": [], "summary": {"covered_lines": 0, "num_statements": 3, "percent_covered": 0.0, "percent_covered_display": "0", "missing_lines": 3, "excluded_lines": 0, "percent_statements_covered": 0.0, "percent_statements_covered_display": "0"}, "missing_lines": [85, 86, 87], "excluded_lines": [], "start_line": 81}, "RoleNode": {"executed_lines": [], "summary": {"covered_lines": 0, "num_statements": 3, "percent_covered": 0.0, "percent_covered_display": "0", "missing_lines": 3, "excluded_lines": 0, "percent_statements_covered": 0.0, "percent_statements_covered_display": "0"}, "missing_lines": [247, 248, 249], "excluded_lines": [], "start_line": 243}, "": {"executed_lines": [7, 8, 9, 12, 29, 30, 33, 35, 38, 41, 51, 54, 67, 69, 70, 74, 75, 76, 78, 81, 84, 90, 148, 190, 243, 246, 252, 279, 306], "summary": {"covered_lines": 29, "num_statements": 102, "percent_covered": 28.431372549019606, "percent_covered_display": "28", "missing_lines": 73, "excluded_lines": 0, "percent_statements_covered": 28.431372549019606, "percent_statements_covered_display": "28"}, "missing_lines": [34, 42, 43, 47, 48, 49, 107, 108, 109, 110, 112, 113, 119, 120, 122, 123, 124, 129, 130, 135, 142, 143, 145, 163, 164, 167, 168, 169, 171, 173, 174, 175, 177, 180, 181, 182, 183, 184, 185, 187, 205, 206, 209, 210, 211, 213, 218, 219, 221, 222, 223, 227, 228, 230, 233, 234, 235, 236, 237, 238, 240, 262, 267, 268, 272, 274, 276, 294, 299, 300, 302, 303, 321], "excluded_lines": [], "start_line": 1}}}, "permissions/types.py": {"executed_lines": [8, 9, 12, 13, 16, 26, 27, 28, 29, 30, 31, 34, 37, 38, 39, 40, 41, 42, 43, 44, 47, 50, 51, 52, 53, 54, 57, 60, 61, 62, 65, 68, 69, 72, 75, 76, 79, 82, 83, 89, 92, 93, 94, 98], "summary": {"covered_lines": 44, "num_statements": 44, "percent_covered": 100.0, "percent_covered_display": "100", "missing_lines": 0, "excluded_lines": 0, "percent_statements_covered": 100.0, "percent_statements_covered_display": "100"}, "missing_lines": [], "excluded_lines": [], "functions": {"": {"executed_lines": [8, 9, 12, 13, 16, 26, 27, 28, 29, 30, 31, 34, 37, 38, 39, 40, 41, 42, 43, 44, 47, 50, 51, 52, 53, 54, 57, 60, 61, 62, 65, 68, 69, 72, 75, 76, 79, 82, 83, 89, 92, 93, 94, 98], "summary": {"covered_lines": 44, "num_statements": 44, "percent_covered": 100.0, "percent_covered_display": "100", "missing_lines": 0, "excluded_lines": 0, "percent_statements_covered": 100.0, "percent_statements_covered_display": "100"}, "missing_lines": [], "excluded_lines": [], "start_line": 1}}, "classes": {"ParsedPermission": {"executed_lines": [], "summary": {"covered_lines": 0, "num_statements": 0, "percent_covered": 100.0, "percent_covered_display": "100", "missing_lines": 0, "excluded_lines": 0, "percent_statements_covered": 100.0, "percent_statements_covered_display": "100"}, "missing_lines": [], "excluded_lines": [], "start_line": 16}, "Role": {"executed_lines": [], "summary": {"covered_lines": 0, "num_statements": 0, "percent_covered": 100.0, "percent_covered_display": "100", "missing_lines": 0, "excluded_lines": 0, "percent_statements_covered": 100.0, "percent_statements_covered_display": "100"}, "missing_lines": [], "excluded_lines": [], "start_line": 34}, "UserPermissionContext": {"executed_lines": [], "summary": {"covered_lines": 0, "num_statements": 0, "percent_covered": 100.0, "percent_covered_display": "100", "missing_lines": 0, "excluded_lines": 0, "percent_statements_covered": 100.0, "percent_statements_covered_display": "100"}, "missing_lines": [], "excluded_lines": [], "start_line": 47}, "PermissionCheckResult": {"executed_lines": [], "summary": {"covered_lines": 0, "num_statements": 0, "percent_covered": 100.0, "percent_covered_display": "100", "missing_lines": 0, "excluded_lines": 0, "percent_statements_covered": 100.0, "percent_statements_covered_display": "100"}, "missing_lines": [], "excluded_lines": [], "start_line": 57}, "PermissionValidationResult": {"executed_lines": [], "summary": {"covered_lines": 0, "num_statements": 0, "percent_covered": 100.0, "percent_covered_display": "100", "missing_lines": 0, "excluded_lines": 0, "percent_statements_covered": 100.0, "percent_statements_covered_display": "100"}, "missing_lines": [], "excluded_lines": [], "start_line": 65}, "ScopedPermission": {"executed_lines": [], "summary": {"covered_lines": 0, "num_statements": 0, "percent_covered": 100.0, "percent_covered_display": "100", "missing_lines": 0, "excluded_lines": 0, "percent_statements_covered": 100.0, "percent_statements_covered_display": "100"}, "missing_lines": [], "excluded_lines": [], "start_line": 72}, "User": {"executed_lines": [], "summary": {"covered_lines": 0, "num_statements": 0, "percent_covered": 100.0, "percent_covered_display": "100", "missing_lines": 0, "excluded_lines": 0, "percent_statements_covered": 100.0, "percent_statements_covered_display": "100"}, "missing_lines": [], "excluded_lines": [], "start_line": 79}, "TenantUser": {"executed_lines": [], "summary": {"covered_lines": 0, "num_statements": 0, "percent_covered": 100.0, "percent_covered_display": "100", "missing_lines": 0, "excluded_lines": 0, "percent_statements_covered": 100.0, "percent_statements_covered_display": "100"}, "missing_lines": [], "excluded_lines": [], "start_line": 89}, "": {"executed_lines": [8, 9, 12, 13, 16, 26, 27, 28, 29, 30, 31, 34, 37, 38, 39, 40, 41, 42, 43, 44, 47, 50, 51, 52, 53, 54, 57, 60, 61, 62, 65, 68, 69, 72, 75, 76, 79, 82, 83, 89, 92, 93, 94, 98], "summary": {"covered_lines": 44, "num_statements": 44, "percent_covered": 100.0, "percent_covered_display": "100", "missing_lines": 0, "excluded_lines": 0, "percent_statements_covered": 100.0, "percent_statements_covered_display": "100"}, "missing_lines": [], "excluded_lines": [], "start_line": 1}}}}, "totals": {"covered_lines": 318, "num_statements": 539, "percent_covered": 58.998144712430424, "percent_covered_display": "59", "missing_lines": 221, "excluded_lines": 8, "percent_statements_covered": 58.998144712430424, "percent_statements_covered_display": "59"}}